# JRE version: OpenJDK Runtime Environment Temurin-21.0.10+7 (21.0.10+7) (build 21.0.10+7-LTS)
# Java VM: OpenJDK 64-Bit Server VM Temurin-21.0.10+7 (21.0.10+7-LTS, mixed mode, sharing, tiered, compressed oops, compressed class ptrs, g1 gc, windows-amd64)
GC Precious Log:
 CardTable entry size: 512
 Card Set container configuration: InlinePtr #cards 5 size 8 Array Of Cards #cards 12 size 40 Howl #buckets 4 coarsen threshold 1843 Howl Bitmap #cards 512 size 80 coarsen threshold 460 Card regions per heap region 1 cards per card region 2048
 CPUs: 4 total, 4 available
 Memory: 8056M
 Large Page Support: Disabled
 NUMA Support: Disabled
 Compressed Oops: Enabled (32-bit)
 Heap Region Size: 1M
 Heap Min Capacity: 256M
 Heap Initial Capacity: 256M
 Heap Max Capacity: 512M
 Pre-touch: Disabled
 Parallel Workers: 4
 Concurrent Workers: 1
 Concurrent Refinement Workers: 4
 Periodic GC: Disabled
Heap:
 garbage-first heap   total 264192K, used 223744K [0x00000000e0000000, 0x0000000100000000)
  region size 1024K, 75 young (76800K), 3 survivors (3072K)
 Metaspace       used 112580K, committed 114816K, reserved 458752K
  class space    used 15621K, committed 16704K, reserved 327680K
GC Heap History (20 events):
Event: 27.312 GC heap before
{Heap before GC invocations=9 (full 0):
 garbage-first heap   total 262144K, used 151552K [0x00000000e0000000, 0x0000000100000000)
  region size 1024K, 103 young (105472K), 11 survivors (11264K)
 Metaspace       used 58742K, committed 60480K, reserved 393216K
  class space    used 8294K, committed 9152K, reserved 327680K
}
Event: 27.331 GC heap after
{Heap after GC invocations=10 (full 0):
 garbage-first heap   total 262144K, used 66560K [0x00000000e0000000, 0x0000000100000000)
  region size 1024K, 19 young (19456K), 19 survivors (19456K)
 Metaspace       used 58742K, committed 60480K, reserved 393216K
  class space    used 8294K, committed 9152K, reserved 327680K
}
Event: 31.675 GC heap before
{Heap before GC invocations=11 (full 0):
 garbage-first heap   total 262144K, used 212992K [0x00000000e0000000, 0x0000000100000000)
  region size 1024K, 153 young (156672K), 19 survivors (19456K)
 Metaspace       used 71452K, committed 73280K, reserved 393216K
  class space    used 10013K, committed 10880K, reserved 327680K
}
Event: 31.708 GC heap after
{Heap after GC invocations=12 (full 0):
 garbage-first heap   total 262144K, used 79680K [0x00000000e0000000, 0x0000000100000000)
  region size 1024K, 18 young (18432K), 18 survivors (18432K)
 Metaspace       used 71452K, committed 73280K, reserved 393216K
  class space    used 10013K, committed 10880K, reserved 327680K
}
Event: 39.837 GC heap before
{Heap before GC invocations=12 (full 0):
 garbage-first heap   total 262144K, used 217920K [0x00000000e0000000, 0x0000000100000000)
  region size 1024K, 153 young (156672K), 18 survivors (18432K)
 Metaspace       used 75766K, committed 77760K, reserved 458752K
  class space    used 10628K, committed 11648K, reserved 327680K
}
Event: 39.870 GC heap after
{Heap after GC invocations=13 (full 0):
 garbage-first heap   total 262144K, used 89600K [0x00000000e0000000, 0x0000000100000000)
  region size 1024K, 20 young (20480K), 20 survivors (20480K)
 Metaspace       used 75766K, committed 77760K, reserved 458752K
  class space    used 10628K, committed 11648K, reserved 327680K
}
Event: 47.668 GC heap before
{Heap before GC invocations=13 (full 0):
 garbage-first heap   total 262144K, used 230912K [0x00000000e0000000, 0x0000000100000000)
  region size 1024K, 153 young (156672K), 20 survivors (20480K)
 Metaspace       used 84312K, committed 86336K, reserved 458752K
  class space    used 11672K, committed 12672K, reserved 327680K
}
Event: 47.700 GC heap after
{Heap after GC invocations=14 (full 0):
 garbage-first heap   total 264192K, used 107520K [0x00000000e0000000, 0x0000000100000000)
  region size 1024K, 20 young (20480K), 20 survivors (20480K)
 Metaspace       used 84312K, committed 86336K, reserved 458752K
  class space    used 11672K, committed 12672K, reserved 327680K
}
Event: 50.067 GC heap before
{Heap before GC invocations=14 (full 0):
 garbage-first heap   total 264192K, used 230400K [0x00000000e0000000, 0x0000000100000000)
  region size 1024K, 140 young (143360K), 20 survivors (20480K)
 Metaspace       used 91673K, committed 93824K, reserved 458752K
  class space    used 12839K, committed 13888K, reserved 327680K
}
Event: 50.094 GC heap after
{Heap after GC invocations=15 (full 0):
 garbage-first heap   total 264192K, used 117248K [0x00000000e0000000, 0x0000000100000000)
  region size 1024K, 9 young (9216K), 9 survivors (9216K)
 Metaspace       used 91673K, committed 93824K, reserved 458752K
  class space    used 12839K, committed 13888K, reserved 327680K
}
Event: 54.398 GC heap before
{Heap before GC invocations=15 (full 0):
 garbage-first heap   total 264192K, used 232960K [0x00000000e0000000, 0x0000000100000000)
  region size 1024K, 122 young (124928K), 9 survivors (9216K)
 Metaspace       used 97296K, committed 99520K, reserved 458752K
  class space    used 13635K, committed 14720K, reserved 327680K
}
Event: 54.422 GC heap after
{Heap after GC invocations=16 (full 0):
 garbage-first heap   total 264192K, used 125440K [0x00000000e0000000, 0x0000000100000000)
  region size 1024K, 16 young (16384K), 16 survivors (16384K)
 Metaspace       used 97296K, committed 99520K, reserved 458752K
  class space    used 13635K, committed 14720K, reserved 327680K
}
Event: 58.158 GC heap before
{Heap before GC invocations=16 (full 0):
 garbage-first heap   total 264192K, used 183808K [0x00000000e0000000, 0x0000000100000000)
  region size 1024K, 73 young (74752K), 16 survivors (16384K)
 Metaspace       used 98827K, committed 100928K, reserved 458752K
  class space    used 13829K, committed 14848K, reserved 327680K
}
Event: 58.179 GC heap after
{Heap after GC invocations=17 (full 0):
 garbage-first heap   total 264192K, used 135565K [0x00000000e0000000, 0x0000000100000000)
  region size 1024K, 8 young (8192K), 8 survivors (8192K)
 Metaspace       used 98827K, committed 100928K, reserved 458752K
  class space    used 13829K, committed 14848K, reserved 327680K
}
Event: 62.715 GC heap before
{Heap before GC invocations=18 (full 0):
 garbage-first heap   total 264192K, used 235917K [0x00000000e0000000, 0x0000000100000000)
  region size 1024K, 107 young (109568K), 8 survivors (8192K)
 Metaspace       used 100603K, committed 102784K, reserved 458752K
  class space    used 14018K, committed 15104K, reserved 327680K
}
Event: 62.727 GC heap after
{Heap after GC invocations=19 (full 0):
 garbage-first heap   total 264192K, used 140173K [0x00000000e0000000, 0x0000000100000000)
  region size 1024K, 12 young (12288K), 12 survivors (12288K)
 Metaspace       used 100603K, committed 102784K, reserved 458752K
  class space    used 14018K, committed 15104K, reserved 327680K
}
Event: 66.972 GC heap before
{Heap before GC invocations=19 (full 0):
 garbage-first heap   total 264192K, used 239501K [0x00000000e0000000, 0x0000000100000000)
  region size 1024K, 109 young (111616K), 12 survivors (12288K)
 Metaspace       used 107942K, committed 110080K, reserved 458752K
  class space    used 14898K, committed 15936K, reserved 327680K
}
Event: 66.988 GC heap after
{Heap after GC invocations=20 (full 0):
 garbage-first heap   total 264192K, used 146432K [0x00000000e0000000, 0x0000000100000000)
  region size 1024K, 14 young (14336K), 14 survivors (14336K)
 Metaspace       used 107942K, committed 110080K, reserved 458752K
  class space    used 14898K, committed 15936K, reserved 327680K
}
Event: 67.088 GC heap before
{Heap before GC invocations=20 (full 0):
 garbage-first heap   total 264192K, used 153600K [0x00000000e0000000, 0x0000000100000000)
  region size 1024K, 22 young (22528K), 14 survivors (14336K)
 Metaspace       used 108735K, committed 110912K, reserved 458752K
  class space    used 14986K, committed 16064K, reserved 327680K
}
Event: 67.110 GC heap after
{Heap after GC invocations=21 (full 0):
 garbage-first heap   total 264192K, used 150016K [0x00000000e0000000, 0x0000000100000000)
  region size 1024K, 3 young (3072K), 3 survivors (3072K)
 Metaspace       used 108735K, committed 110912K, reserved 458752K
  class space    used 14986K, committed 16064K, reserved 327680K
}

