# JRE version: OpenJDK Runtime Environment Temurin-21.0.10+7 (21.0.10+7) (build 21.0.10+7-LTS)
# Java VM: OpenJDK 64-Bit Server VM Temurin-21.0.10+7 (21.0.10+7-LTS, mixed mode, sharing, tiered, compressed oops, compressed class ptrs, g1 gc, windows-amd64)
GC Precious Log:
 CardTable entry size: 512
 Card Set container configuration: InlinePtr #cards 4 size 8 Array Of Cards #cards 16 size 48 Howl #buckets 8 coarsen threshold 3686 Howl Bitmap #cards 512 size 80 coarsen threshold 460 Card regions per heap region 1 cards per card region 4096
 CPUs: 4 total, 4 available
 Memory: 8056M
 Large Page Support: Disabled
 NUMA Support: Disabled
 Compressed Oops: Enabled (Zero based)
 Heap Region Size: 2M
 Heap Min Capacity: 8M
 Heap Initial Capacity: 126M
 Heap Max Capacity: 4G
 Pre-touch: Disabled
 Parallel Workers: 4
 Concurrent Workers: 1
 Concurrent Refinement Workers: 4
 Periodic GC: Disabled
Heap:
 garbage-first heap   total 376832K, used 263833K [0x0000000700000000, 0x0000000800000000)
  region size 2048K, 19 young (38912K), 6 survivors (12288K)
 Metaspace       used 121399K, committed 124288K, reserved 983040K
  class space    used 17142K, committed 18560K, reserved 851968K
GC Heap History (20 events):
Event: 83.058 GC heap before
{Heap before GC invocations=58 (full 0):
 garbage-first heap   total 276480K, used 244084K [0x0000000700000000, 0x0000000800000000)
  region size 2048K, 36 young (73728K), 5 survivors (10240K)
 Metaspace       used 118651K, committed 121408K, reserved 983040K
  class space    used 16808K, committed 18176K, reserved 851968K
}
Event: 83.077 GC heap after
{Heap after GC invocations=59 (full 0):
 garbage-first heap   total 276480K, used 185133K [0x0000000700000000, 0x0000000800000000)
  region size 2048K, 3 young (6144K), 3 survivors (6144K)
 Metaspace       used 118651K, committed 121408K, reserved 983040K
  class space    used 16808K, committed 18176K, reserved 851968K
}
Event: 85.386 GC heap before
{Heap before GC invocations=59 (full 0):
 garbage-first heap   total 276480K, used 246573K [0x0000000700000000, 0x0000000800000000)
  region size 2048K, 34 young (69632K), 3 survivors (6144K)
 Metaspace       used 118653K, committed 121408K, reserved 983040K
  class space    used 16808K, committed 18176K, reserved 851968K
}
Event: 85.394 GC heap after
{Heap after GC invocations=60 (full 0):
 garbage-first heap   total 276480K, used 185761K [0x0000000700000000, 0x0000000800000000)
  region size 2048K, 3 young (6144K), 3 survivors (6144K)
 Metaspace       used 118653K, committed 121408K, reserved 983040K
  class space    used 16808K, committed 18176K, reserved 851968K
}
Event: 96.842 GC heap before
{Heap before GC invocations=61 (full 0):
 garbage-first heap   total 311296K, used 251297K [0x0000000700000000, 0x0000000800000000)
  region size 2048K, 35 young (71680K), 3 survivors (6144K)
 Metaspace       used 118934K, committed 121664K, reserved 983040K
  class space    used 16843K, committed 18176K, reserved 851968K
}
Event: 96.861 GC heap after
{Heap after GC invocations=62 (full 0):
 garbage-first heap   total 311296K, used 198908K [0x0000000700000000, 0x0000000800000000)
  region size 2048K, 5 young (10240K), 5 survivors (10240K)
 Metaspace       used 118934K, committed 121664K, reserved 983040K
  class space    used 16843K, committed 18176K, reserved 851968K
}
Event: 100.119 GC heap before
{Heap before GC invocations=62 (full 0):
 garbage-first heap   total 311296K, used 276732K [0x0000000700000000, 0x0000000800000000)
  region size 2048K, 44 young (90112K), 5 survivors (10240K)
 Metaspace       used 118969K, committed 121792K, reserved 983040K
  class space    used 16843K, committed 18176K, reserved 851968K
}
Event: 100.139 GC heap after
{Heap after GC invocations=63 (full 0):
 garbage-first heap   total 311296K, used 201682K [0x0000000700000000, 0x0000000800000000)
  region size 2048K, 3 young (6144K), 3 survivors (6144K)
 Metaspace       used 118969K, committed 121792K, reserved 983040K
  class space    used 16843K, committed 18176K, reserved 851968K
}
Event: 103.103 GC heap before
{Heap before GC invocations=63 (full 0):
 garbage-first heap   total 311296K, used 279506K [0x0000000700000000, 0x0000000800000000)
  region size 2048K, 42 young (86016K), 3 survivors (6144K)
 Metaspace       used 118970K, committed 121792K, reserved 983040K
  class space    used 16843K, committed 18176K, reserved 851968K
}
Event: 103.114 GC heap after
{Heap after GC invocations=64 (full 0):
 garbage-first heap   total 311296K, used 202860K [0x0000000700000000, 0x0000000800000000)
  region size 2048K, 4 young (8192K), 4 survivors (8192K)
 Metaspace       used 118970K, committed 121792K, reserved 983040K
  class space    used 16843K, committed 18176K, reserved 851968K
}
Event: 115.957 GC heap before
{Heap before GC invocations=65 (full 0):
 garbage-first heap   total 342016K, used 282732K [0x0000000700000000, 0x0000000800000000)
  region size 2048K, 44 young (90112K), 4 survivors (8192K)
 Metaspace       used 119412K, committed 122176K, reserved 983040K
  class space    used 16898K, committed 18240K, reserved 851968K
}
Event: 115.980 GC heap after
{Heap after GC invocations=66 (full 0):
 garbage-first heap   total 342016K, used 215933K [0x0000000700000000, 0x0000000800000000)
  region size 2048K, 6 young (12288K), 6 survivors (12288K)
 Metaspace       used 119412K, committed 122176K, reserved 983040K
  class space    used 16898K, committed 18240K, reserved 851968K
}
Event: 120.670 GC heap before
{Heap before GC invocations=66 (full 0):
 garbage-first heap   total 342016K, used 306045K [0x0000000700000000, 0x0000000800000000)
  region size 2048K, 51 young (104448K), 6 survivors (12288K)
 Metaspace       used 119413K, committed 122176K, reserved 983040K
  class space    used 16898K, committed 18240K, reserved 851968K
}
Event: 120.694 GC heap after
{Heap after GC invocations=67 (full 0):
 garbage-first heap   total 342016K, used 217430K [0x0000000700000000, 0x0000000800000000)
  region size 2048K, 3 young (6144K), 3 survivors (6144K)
 Metaspace       used 119413K, committed 122176K, reserved 983040K
  class space    used 16898K, committed 18240K, reserved 851968K
}
Event: 129.408 GC heap before
{Heap before GC invocations=67 (full 0):
 garbage-first heap   total 342016K, used 309590K [0x0000000700000000, 0x0000000800000000)
  region size 2048K, 49 young (100352K), 3 survivors (6144K)
 Metaspace       used 119554K, committed 122432K, reserved 983040K
  class space    used 16914K, committed 18304K, reserved 851968K
}
Event: 129.420 GC heap after
{Heap after GC invocations=68 (full 0):
 garbage-first heap   total 342016K, used 224714K [0x0000000700000000, 0x0000000800000000)
  region size 2048K, 6 young (12288K), 6 survivors (12288K)
 Metaspace       used 119554K, committed 122432K, reserved 983040K
  class space    used 16914K, committed 18304K, reserved 851968K
}
Event: 205.735 GC heap before
{Heap before GC invocations=69 (full 0):
 garbage-first heap   total 376832K, used 312778K [0x0000000700000000, 0x0000000800000000)
  region size 2048K, 49 young (100352K), 6 survivors (12288K)
 Metaspace       used 120885K, committed 123776K, reserved 983040K
  class space    used 17136K, committed 18496K, reserved 851968K
}
Event: 205.832 GC heap after
{Heap after GC invocations=70 (full 0):
 garbage-first heap   total 376832K, used 231418K [0x0000000700000000, 0x0000000800000000)
  region size 2048K, 5 young (10240K), 5 survivors (10240K)
 Metaspace       used 120885K, committed 123776K, reserved 983040K
  class space    used 17136K, committed 18496K, reserved 851968K
}
Event: 208.852 GC heap before
{Heap before GC invocations=70 (full 0):
 garbage-first heap   total 376832K, used 331770K [0x0000000700000000, 0x0000000800000000)
  region size 2048K, 54 young (110592K), 5 survivors (10240K)
 Metaspace       used 121337K, committed 124224K, reserved 983040K
  class space    used 17139K, committed 18496K, reserved 851968K
}
Event: 208.920 GC heap after
{Heap after GC invocations=71 (full 0):
 garbage-first heap   total 376832K, used 239257K [0x0000000700000000, 0x0000000800000000)
  region size 2048K, 6 young (12288K), 6 survivors (12288K)
 Metaspace       used 121337K, committed 124224K, reserved 983040K
  class space    used 17139K, committed 18496K, reserved 851968K
}

