# JRE version: Java(TM) SE Runtime Environment (17.0.12+8) (build 17.0.12+8-LTS-286)
# Java VM: Java HotSpot(TM) 64-Bit Server VM (17.0.12+8-LTS-286, mixed mode, sharing, tiered, compressed oops, compressed class ptrs, g1 gc, windows-amd64)
GC Precious Log:
 CPUs: 4 total, 4 available
 Memory: 8056M
 Large Page Support: Disabled
 NUMA Support: Disabled
 Compressed Oops: Enabled (Zero based)
 Heap Region Size: 2M
 Heap Min Capacity: 8M
 Heap Initial Capacity: 126M
 Heap Max Capacity: 4G
 Pre-touch: Disabled
 Parallel Workers: 4
 Concurrent Workers: 1
 Concurrent Refinement Workers: 4
 Periodic GC: Disabled
Heap:
 garbage-first heap   total 552960K, used 305422K [0x0000000700000000, 0x0000000800000000)
  region size 2048K, 1 young (2048K), 1 survivors (2048K)
 Metaspace       used 158555K, committed 160448K, reserved 1048576K
  class space    used 21434K, committed 22272K, reserved 851968K
GC Heap History (20 events):
Event: 248.973 GC heap after
{Heap after GC invocations=113 (full 0):
 garbage-first heap   total 385024K, used 281831K [0x0000000700000000, 0x0000000800000000)
  region size 2048K, 3 young (6144K), 3 survivors (6144K)
 Metaspace       used 123543K, committed 125312K, reserved 983040K
  class space    used 16909K, committed 17728K, reserved 851968K
}
Event: 255.477 GC heap before
{Heap before GC invocations=113 (full 0):
 garbage-first heap   total 385024K, used 335079K [0x0000000700000000, 0x0000000800000000)
  region size 2048K, 27 young (55296K), 3 survivors (6144K)
 Metaspace       used 132602K, committed 134336K, reserved 983040K
  class space    used 17959K, committed 18752K, reserved 851968K
}
Event: 255.499 GC heap after
{Heap after GC invocations=114 (full 0):
 garbage-first heap   total 385024K, used 288723K [0x0000000700000000, 0x0000000800000000)
  region size 2048K, 4 young (8192K), 4 survivors (8192K)
 Metaspace       used 132602K, committed 134336K, reserved 983040K
  class space    used 17959K, committed 18752K, reserved 851968K
}
Event: 256.969 GC heap before
{Heap before GC invocations=114 (full 0):
 garbage-first heap   total 385024K, used 331731K [0x0000000700000000, 0x0000000800000000)
  region size 2048K, 25 young (51200K), 4 survivors (8192K)
 Metaspace       used 133254K, committed 134976K, reserved 983040K
  class space    used 18051K, committed 18816K, reserved 851968K
}
Event: 256.992 GC heap after
{Heap after GC invocations=115 (full 0):
 garbage-first heap   total 385024K, used 291890K [0x0000000700000000, 0x0000000800000000)
  region size 2048K, 3 young (6144K), 3 survivors (6144K)
 Metaspace       used 133254K, committed 134976K, reserved 983040K
  class space    used 18051K, committed 18816K, reserved 851968K
}
Event: 258.543 GC heap before
{Heap before GC invocations=115 (full 0):
 garbage-first heap   total 385024K, used 328754K [0x0000000700000000, 0x0000000800000000)
  region size 2048K, 22 young (45056K), 3 survivors (6144K)
 Metaspace       used 133630K, committed 135360K, reserved 983040K
  class space    used 18092K, committed 18880K, reserved 851968K
}
Event: 258.573 GC heap after
{Heap after GC invocations=116 (full 0):
 garbage-first heap   total 462848K, used 295260K [0x0000000700000000, 0x0000000800000000)
  region size 2048K, 2 young (4096K), 2 survivors (4096K)
 Metaspace       used 133630K, committed 135360K, reserved 983040K
  class space    used 18092K, committed 18880K, reserved 851968K
}
Event: 261.732 GC heap before
{Heap before GC invocations=116 (full 0):
 garbage-first heap   total 462848K, used 328028K [0x0000000700000000, 0x0000000800000000)
  region size 2048K, 19 young (38912K), 2 survivors (4096K)
 Metaspace       used 135605K, committed 137408K, reserved 983040K
  class space    used 18308K, committed 19136K, reserved 851968K
}
Event: 261.757 GC heap after
{Heap after GC invocations=117 (full 0):
 garbage-first heap   total 462848K, used 298107K [0x0000000700000000, 0x0000000800000000)
  region size 2048K, 4 young (8192K), 4 survivors (8192K)
 Metaspace       used 135605K, committed 137408K, reserved 983040K
  class space    used 18308K, committed 19136K, reserved 851968K
}
Event: 272.551 GC heap before
{Heap before GC invocations=118 (full 0):
 garbage-first heap   total 552960K, used 386171K [0x0000000700000000, 0x0000000800000000)
  region size 2048K, 45 young (92160K), 4 survivors (8192K)
 Metaspace       used 138178K, committed 139968K, reserved 983040K
  class space    used 18593K, committed 19392K, reserved 851968K
}
Event: 272.682 GC heap after
{Heap after GC invocations=119 (full 0):
 garbage-first heap   total 552960K, used 317191K [0x0000000700000000, 0x0000000800000000)
  region size 2048K, 6 young (12288K), 6 survivors (12288K)
 Metaspace       used 138178K, committed 139968K, reserved 983040K
  class space    used 18593K, committed 19392K, reserved 851968K
}
Event: 275.387 GC heap before
{Heap before GC invocations=119 (full 0):
 garbage-first heap   total 552960K, used 331527K [0x0000000700000000, 0x0000000800000000)
  region size 2048K, 13 young (26624K), 6 survivors (12288K)
 Metaspace       used 139576K, committed 141440K, reserved 983040K
  class space    used 18744K, committed 19584K, reserved 851968K
}
Event: 275.709 GC heap after
{Heap after GC invocations=120 (full 0):
 garbage-first heap   total 552960K, used 307180K [0x0000000700000000, 0x0000000800000000)
  region size 2048K, 2 young (4096K), 2 survivors (4096K)
 Metaspace       used 139576K, committed 141440K, reserved 983040K
  class space    used 18744K, committed 19584K, reserved 851968K
}
Event: 296.479 GC heap before
{Heap before GC invocations=120 (full 0):
 garbage-first heap   total 552960K, used 438252K [0x0000000700000000, 0x0000000800000000)
  region size 2048K, 67 young (137216K), 2 survivors (4096K)
 Metaspace       used 146379K, committed 148288K, reserved 983040K
  class space    used 19738K, committed 20608K, reserved 851968K
}
Event: 296.655 GC heap after
{Heap after GC invocations=121 (full 0):
 garbage-first heap   total 552960K, used 313120K [0x0000000700000000, 0x0000000800000000)
  region size 2048K, 6 young (12288K), 6 survivors (12288K)
 Metaspace       used 146379K, committed 148288K, reserved 983040K
  class space    used 19738K, committed 20608K, reserved 851968K
}
Event: 322.719 GC heap before
{Heap before GC invocations=122 (full 0):
 garbage-first heap   total 552960K, used 444192K [0x0000000700000000, 0x0000000800000000)
  region size 2048K, 72 young (147456K), 6 survivors (12288K)
 Metaspace       used 155989K, committed 157888K, reserved 1048576K
  class space    used 21091K, committed 21952K, reserved 851968K
}
Event: 322.878 GC heap after
{Heap after GC invocations=123 (full 0):
 garbage-first heap   total 552960K, used 313283K [0x0000000700000000, 0x0000000800000000)
  region size 2048K, 2 young (4096K), 2 survivors (4096K)
 Metaspace       used 155989K, committed 157888K, reserved 1048576K
  class space    used 21091K, committed 21952K, reserved 851968K
}
Event: 325.073 GC heap before
{Heap before GC invocations=123 (full 0):
 garbage-first heap   total 552960K, used 335811K [0x0000000700000000, 0x0000000800000000)
  region size 2048K, 13 young (26624K), 2 survivors (4096K)
 Metaspace       used 156247K, committed 158144K, reserved 1048576K
  class space    used 21101K, committed 21952K, reserved 851968K
}
Event: 325.202 GC heap after
{Heap after GC invocations=124 (full 0):
 garbage-first heap   total 552960K, used 304361K [0x0000000700000000, 0x0000000800000000)
  region size 2048K, 1 young (2048K), 1 survivors (2048K)
 Metaspace       used 156247K, committed 158144K, reserved 1048576K
  class space    used 21101K, committed 21952K, reserved 851968K
}
Event: 333.481 GC heap before
{Heap before GC invocations=124 (full 0):
 garbage-first heap   total 552960K, used 457961K [0x0000000700000000, 0x0000000800000000)
  region size 2048K, 76 young (155648K), 1 survivors (2048K)
 Metaspace       used 158555K, committed 160448K, reserved 1048576K
  class space    used 21434K, committed 22272K, reserved 851968K
}

